2024-06-25 08:06:922 INFO  StartPage :22 - Click on start button : [[ChromeDriver: chrome on windows (e3656e853d54630e9b62c02e3969a469)] -> xpath: //a[@class ='gem-c-button govuk-button govuk-button--start']]
2024-06-25 08:06:706 INFO  SelectNationalityPage :43 - Accept cookies : [[ChromeDriver: chrome on windows (e6a78fa7a612a3f305ceb76ed881738e)] -> xpath: //button[contains(text(), 'Accept additional cookies')]]
2024-06-25 08:06:133 INFO  StartPage :22 - Click on start button : [[ChromeDriver: chrome on windows (e6a78fa7a612a3f305ceb76ed881738e)] -> xpath: //a[@class ='gem-c-button govuk-button govuk-button--start']]
2024-06-25 08:06:592 INFO  SelectNationalityPage :49 - Click on continue button : [[ChromeDriver: chrome on windows (e6a78fa7a612a3f305ceb76ed881738e)] -> xpath: //button[contains(text(), 'Accept additional cookies')]]
2024-06-25 08:06:957 INFO  ReasonForTravelPage :52 - Button for Reason : [[ChromeDriver: chrome on windows (e6a78fa7a612a3f305ceb76ed881738e)] -> xpath: //button[contains(text(),'Continue')]]
2024-06-25 08:06:222 INFO  SelectNationalityPage :43 - Accept cookies : [[ChromeDriver: chrome on windows (3f2fd04526f17b81386dfe49d672a71f)] -> xpath: //button[contains(text(), 'Accept additional cookies')]]
2024-06-25 08:06:587 INFO  StartPage :22 - Click on start button : [[ChromeDriver: chrome on windows (3f2fd04526f17b81386dfe49d672a71f)] -> xpath: //a[@class ='gem-c-button govuk-button govuk-button--start']]
2024-06-25 08:06:14 INFO  SelectNationalityPage :49 - Click on continue button : [[ChromeDriver: chrome on windows (3f2fd04526f17b81386dfe49d672a71f)] -> xpath: //button[contains(text(), 'Accept additional cookies')]]
2024-06-25 08:06:99 INFO  ReasonForTravelPage :57 - Reason Work Academic visit : [[ChromeDriver: chrome on windows (3f2fd04526f17b81386dfe49d672a71f)] -> xpath: //label[normalize-space()='Work, academic visit or business']]
2024-06-25 08:06:261 INFO  ReasonForTravelPage :52 - Button for Reason : [[ChromeDriver: chrome on windows (3f2fd04526f17b81386dfe49d672a71f)] -> xpath: //button[contains(text(),'Continue')]]
2024-06-25 08:06:436 INFO  DurationOfStayPage :23 - Duration of stay : [[ChromeDriver: chrome on windows (3f2fd04526f17b81386dfe49d672a71f)] -> xpath: //label[normalize-space()='longer than 6 months']]
2024-06-25 08:06:606 INFO  ReasonForTravelPage :52 - Button for Reason : [[ChromeDriver: chrome on windows (3f2fd04526f17b81386dfe49d672a71f)] -> xpath: //button[contains(text(),'Continue')]]
2024-06-25 08:06:776 INFO  WorkTypePage :24 - Select work for 'Health and care professional : [[ChromeDriver: chrome on windows (3f2fd04526f17b81386dfe49d672a71f)] -> xpath: //label[normalize-space()='Health and care professional']]
2024-06-25 08:06:982 INFO  WorkTypePage :29 - click om continue button for healthcare : [[ChromeDriver: chrome on windows (3f2fd04526f17b81386dfe49d672a71f)] -> xpath: //button[normalize-space()='Continue']]
2024-06-25 08:06:701 INFO  SelectNationalityPage :43 - Accept cookies : [[ChromeDriver: chrome on windows (4fbde50c278246b38f33f055fc55660b)] -> xpath: //button[contains(text(), 'Accept additional cookies')]]
2024-06-25 08:06:87 INFO  StartPage :22 - Click on start button : [[ChromeDriver: chrome on windows (4fbde50c278246b38f33f055fc55660b)] -> xpath: //a[@class ='gem-c-button govuk-button govuk-button--start']]
2024-06-25 08:06:457 INFO  SelectNationalityPage :49 - Click on continue button : [[ChromeDriver: chrome on windows (4fbde50c278246b38f33f055fc55660b)] -> xpath: //button[contains(text(), 'Accept additional cookies')]]
2024-06-25 08:06:537 INFO  ReasonForTravelPage :63 - Reason for join partner or family : [[ChromeDriver: chrome on windows (4fbde50c278246b38f33f055fc55660b)] -> xpath: //label[normalize-space()='Join partner or family for a long stay']]
2024-06-25 08:06:778 INFO  ReasonForTravelPage :52 - Button for Reason : [[ChromeDriver: chrome on windows (4fbde50c278246b38f33f055fc55660b)] -> xpath: //button[contains(text(),'Continue')]]
2024-06-25 08:06:923 INFO  FamilyImmigrationStatusPage :18 - Verify text you may need visa to join family or partner : [[ChromeDriver: chrome on windows (4fbde50c278246b38f33f055fc55660b)] -> xpath: //h2[normalize-space()='You may need a visa']]
